<?xml version="1.0" encoding="UTF-8"?>
<!-- Generated by org.testng.reporters.JUnitXMLReporter -->
<testsuite hostname="LAPTOP-JVD1LLMC" ignored="0" name="create BookingTest - without discount" tests="7" failures="1" timestamp="2021-11-20T03:35:03 IST" time="0.008" errors="0">
  <testcase name="searchHotel" time="0.001" classname="testcases.BookingSearch"/>
  <testcase name="selectHotel" time="0.001" classname="testcases.BookingSearch"/>
  <testcase name="enterGuestinfo" time="0.0" classname="testcases.BookingSearch"/>
  <testcase name="applyDiscount" time="0.0" classname="testcases.PaymentManager"/>
  <testcase name="makePayment" time="0.0" classname="testcases.PaymentManager">
    <failure type="org.testng.TestNGException" message="
Parameter &amp;apos;action&amp;apos; is required by @Test on method makePayment but has not been marked @Optional or defined
in C:\Users\91828\eclipse-workspace\NewHotelBookingProject\testngHotelBook.xml">
      <![CDATA[org.testng.TestNGException: 
Parameter 'action' is required by @Test on method makePayment but has not been marked @Optional or defined
in C:\Users\91828\eclipse-workspace\NewHotelBookingProject\testngHotelBook.xml
at java.util.ArrayList.forEach(ArrayList.java:1259)
... Removed 26 stack frames]]>
    </failure>
  </testcase> <!-- makePayment -->
  <testcase name="checkEmailVerfication" time="0.0" classname="testcases.CustomerCommunications"/>
  <testcase name="checkMobileVerification" time="0.001" classname="testcases.CustomerCommunications"/>
</testsuite> <!-- create BookingTest - without discount -->
